<?xml version="1.0" encoding="UTF-8"?>
<!-- Generated by org.testng.reporters.JUnitXMLReporter -->
<testsuite ignored="0" hostname="JayMM" failures="1" tests="1" name="CucumberFramework" time="14.381" errors="0" timestamp="2024-07-03T20:30:21 IST">
  <testcase classname="io.cucumber.testng.AbstractTestNGCucumberTests" name="runScenario" time="12.098">
    <failure type="java.lang.ArrayIndexOutOfBoundsException" message="Index 1 out of bounds for length 1">
      <![CDATA[java.lang.ArrayIndexOutOfBoundsException: Index 1 out of bounds for length 1
at utilities.SeleniumUtilities.explicitWait(SeleniumUtilities.java:64)
at pageObject.LoginPagePOM.clickOnLoginButtonOnProfile(LoginPagePOM.java:96)
at stepDefinition.Steps.i_click_on_login_button_of_profile_icon(Steps.java:127)
at âœ½.I click on login button of profile icon(file:///C:/Users/tapas/git/CucumberBDDFramework/./Features/homepage.feature:7)
]]>
    </failure>
  </testcase> <!-- runScenario -->
</testsuite> <!-- CucumberFramework -->
